0 info it worked if it ends with ok
1 verbose cli [ '/usr/local/bin/node', '/usr/local/bin/npm', 'install' ]
2 info using npm@2.15.9
3 info using node@v4.5.0
4 verbose readDependencies loading dependencies from /Users/tianrenwang/Workspace/Reebotic_website/assets/package.json
5 warn package.json myproject@0.0.1 No description
6 warn package.json myproject@0.0.1 No repository field.
7 warn package.json myproject@0.0.1 No README data
8 warn package.json myproject@0.0.1 No license field.
9 verbose install where, deps [ '/Users/tianrenwang/Workspace/Reebotic_website/assets',
9 verbose install   [ 'grunt',
9 verbose install     'grunt-contrib-nodeunit',
9 verbose install     'grunt-contrib-sass',
9 verbose install     'grunt-contrib-uglify' ] ]
10 verbose install where, peers [ '/Users/tianrenwang/Workspace/Reebotic_website/assets', [] ]
11 verbose installManyTop reading for lifecycle /Users/tianrenwang/Workspace/Reebotic_website/assets/package.json
12 info preinstall myproject@0.0.1
13 verbose installManyTop reading scoped package data from /Users/tianrenwang/Workspace/Reebotic_website/assets/node_modules/grunt/package.json
14 verbose installManyTop reading scoped package data from /Users/tianrenwang/Workspace/Reebotic_website/assets/node_modules/grunt-contrib-nodeunit/package.json
15 verbose installManyTop reading scoped package data from /Users/tianrenwang/Workspace/Reebotic_website/assets/node_modules/grunt-contrib-sass/package.json
16 verbose installManyTop reading scoped package data from /Users/tianrenwang/Workspace/Reebotic_website/assets/node_modules/grunt-contrib-uglify/package.json
17 info package.json grunt-contrib-nodeunit@0.1.2 No license field.
18 info package.json grunt-contrib-uglify@0.1.2 No license field.
19 verbose readDependencies loading dependencies from /Users/tianrenwang/Workspace/Reebotic_website/assets/package.json
20 verbose targetResolver reading package data from /Users/tianrenwang/Workspace/Reebotic_website/assets/node_modules/grunt/package.json
21 verbose targetResolver reading package data from /Users/tianrenwang/Workspace/Reebotic_website/assets/node_modules/grunt-contrib-nodeunit/package.json
22 verbose targetResolver reading package data from /Users/tianrenwang/Workspace/Reebotic_website/assets/node_modules/grunt-contrib-sass/package.json
23 verbose targetResolver reading package data from /Users/tianrenwang/Workspace/Reebotic_website/assets/node_modules/grunt-contrib-uglify/package.json
24 verbose targetResolver reading package data from /Users/tianrenwang/Workspace/Reebotic_website/assets/node_modules/.bin/grunt/package.json
25 verbose already installed skipping grunt@^1.0.1 /Users/tianrenwang/Workspace/Reebotic_website/assets
26 verbose already installed skipping grunt-contrib-nodeunit@~0.1.2 /Users/tianrenwang/Workspace/Reebotic_website/assets
27 verbose already installed skipping grunt-contrib-sass@^1.0.0 /Users/tianrenwang/Workspace/Reebotic_website/assets
28 verbose already installed skipping grunt-contrib-uglify@~0.1.2 /Users/tianrenwang/Workspace/Reebotic_website/assets
29 silly install resolved []
30 info build /Users/tianrenwang/Workspace/Reebotic_website/assets
31 info linkStuff myproject@0.0.1
32 silly linkStuff myproject@0.0.1 has /Users/tianrenwang/Workspace/Reebotic_website as its parent node_modules
33 verbose linkBins myproject@0.0.1
34 verbose linkMans myproject@0.0.1
35 verbose rebuildBundles myproject@0.0.1
36 verbose rebuildBundles [ '.bin',
36 verbose rebuildBundles   'grunt',
36 verbose rebuildBundles   'grunt-contrib-nodeunit',
36 verbose rebuildBundles   'grunt-contrib-sass',
36 verbose rebuildBundles   'grunt-contrib-uglify' ]
37 info install myproject@0.0.1
38 info postinstall myproject@0.0.1
39 info prepublish myproject@0.0.1
40 verbose validateInstall loading /Users/tianrenwang/Workspace/Reebotic_website/assets/package.json for validation
41 verbose stack Error: The package grunt@1.0.1 does not satisfy its siblings' peerDependencies requirements!
41 verbose stack     at /usr/local/lib/node_modules/npm/lib/install.js:125:32
41 verbose stack     at /usr/local/lib/node_modules/npm/lib/install.js:268:7
41 verbose stack     at /usr/local/lib/node_modules/npm/node_modules/read-installed/read-installed.js:142:5
41 verbose stack     at /usr/local/lib/node_modules/npm/node_modules/read-installed/read-installed.js:263:14
41 verbose stack     at cb (/usr/local/lib/node_modules/npm/node_modules/slide/lib/async-map.js:47:24)
41 verbose stack     at /usr/local/lib/node_modules/npm/node_modules/read-installed/read-installed.js:263:14
41 verbose stack     at cb (/usr/local/lib/node_modules/npm/node_modules/slide/lib/async-map.js:47:24)
41 verbose stack     at /usr/local/lib/node_modules/npm/node_modules/read-installed/read-installed.js:263:14
41 verbose stack     at cb (/usr/local/lib/node_modules/npm/node_modules/slide/lib/async-map.js:47:24)
41 verbose stack     at /usr/local/lib/node_modules/npm/node_modules/read-installed/read-installed.js:263:14
42 verbose cwd /Users/tianrenwang/Workspace/Reebotic_website/assets
43 error Darwin 16.5.0
44 error argv "/usr/local/bin/node" "/usr/local/bin/npm" "install"
45 error node v4.5.0
46 error npm  v2.15.9
47 error code EPEERINVALID
48 error peerinvalid The package grunt@1.0.1 does not satisfy its siblings' peerDependencies requirements!
48 error peerinvalid Peer grunt-contrib-sass@1.0.0 wants grunt@>=0.4.0
48 error peerinvalid Peer grunt-contrib-uglify@0.1.2 wants grunt@~0.4.0
48 error peerinvalid Peer grunt-contrib-nodeunit@0.1.2 wants grunt@~0.4.0
49 verbose exit [ 1, true ]
